------------------------------------------------------------------------------------------------------------------------

[2023-11-12 11:23:17 #1 store] 
Database 'C:\Users\leire\Documents\UNI\TERCERO-UNI\WORKSPACE\proyectoBets\null' has been recovered (tr. 36-40)

[2023-11-12 11:23:17 #2 store] 
Database 'C:\Users\leire\Documents\UNI\TERCERO-UNI\WORKSPACE\proyectoBets\null' is opened by 34968@leirePC

[2023-11-12 11:23:17 #3 type] 
Type domain.Sport is not enhanced.

[2023-11-12 11:23:17 #4 type] 
Type domain.Event is not enhanced.

[2023-11-12 11:23:17 #5 type] 
Type domain.Team is not enhanced.

[2023-11-12 11:23:18 #6 type] 
Type domain.Question is not enhanced.

[2023-11-12 11:23:18 #7 type] 
Type domain.Registered is not enhanced.

[2023-11-12 11:23:18 #8 type] 
Type domain.Quote is not enhanced.

[2023-11-12 11:23:18 #9 type] 
Type domain.Jarraitzailea is not enhanced.

[2023-11-12 11:23:18 #10 type] 
Type domain.ApustuAnitza is not enhanced.

[2023-11-12 11:23:18 #11 type] 
Type domain.Transaction is not enhanced.

[2023-11-12 11:23:18 #12 type] 
Type domain.Apustua is not enhanced.

------------------------------------------------------------------------------------------------------------------------

[2023-11-12 12:02:51 #1 store] 
Database 'C:\Users\leire\Documents\UNI\TERCERO-UNI\WORKSPACE\proyectoBets\null' has been recovered (tr. 42-43)

[2023-11-12 12:02:51 #2 store] 
Database 'C:\Users\leire\Documents\UNI\TERCERO-UNI\WORKSPACE\proyectoBets\null' is opened by 1128@leirePC

[2023-11-12 12:02:51 #3 type] 
Type domain.Sport is not enhanced.

[2023-11-12 12:02:51 #4 type] 
Type domain.Event is not enhanced.

[2023-11-12 12:02:51 #5 type] 
Type domain.Team is not enhanced.

[2023-11-12 12:02:51 #6 type] 
Type domain.Question is not enhanced.

[2023-11-12 12:02:51 #7 type] 
Type domain.Registered is not enhanced.

[2023-11-12 12:02:51 #8 type] 
Type domain.Quote is not enhanced.

[2023-11-12 12:02:51 #9 type] 
Type domain.Jarraitzailea is not enhanced.

[2023-11-12 12:02:51 #10 type] 
Type domain.ApustuAnitza is not enhanced.

[2023-11-12 12:02:51 #11 type] 
Type domain.Transaction is not enhanced.

[2023-11-12 12:02:51 #12 type] 
Type domain.Apustua is not enhanced.

------------------------------------------------------------------------------------------------------------------------

[2023-11-12 12:05:09 #1 store] 
Database 'C:\Users\leire\Documents\UNI\TERCERO-UNI\WORKSPACE\proyectoBets\null' is opened by 14664@leirePC

[2023-11-12 12:05:09 #2 type] 
Type domain.Sport is not enhanced.

[2023-11-12 12:05:09 #3 type] 
Type domain.Event is not enhanced.

[2023-11-12 12:05:09 #4 type] 
Type domain.Team is not enhanced.

[2023-11-12 12:05:09 #5 type] 
Type domain.Question is not enhanced.

[2023-11-12 12:05:09 #6 type] 
Type domain.Registered is not enhanced.

[2023-11-12 12:05:09 #7 type] 
Type domain.Quote is not enhanced.

[2023-11-12 12:05:09 #8 type] 
Type domain.Jarraitzailea is not enhanced.

[2023-11-12 12:05:09 #9 type] 
Type domain.ApustuAnitza is not enhanced.

[2023-11-12 12:05:09 #10 type] 
Type domain.Transaction is not enhanced.

[2023-11-12 12:05:09 #11 type] 
Type domain.Apustua is not enhanced.

------------------------------------------------------------------------------------------------------------------------

[2023-11-12 12:05:38 #1 store] 
Database 'C:\Users\leire\Documents\UNI\TERCERO-UNI\WORKSPACE\proyectoBets\null' is opened by 36580@leirePC

[2023-11-12 12:05:38 #2 type] 
Type domain.Sport is not enhanced.

[2023-11-12 12:05:38 #3 type] 
Type domain.Event is not enhanced.

[2023-11-12 12:05:38 #4 type] 
Type domain.Team is not enhanced.

[2023-11-12 12:05:38 #5 type] 
Type domain.Question is not enhanced.

[2023-11-12 12:05:38 #6 type] 
Type domain.Registered is not enhanced.

[2023-11-12 12:05:38 #7 type] 
Type domain.Quote is not enhanced.

[2023-11-12 12:05:38 #8 type] 
Type domain.Jarraitzailea is not enhanced.

[2023-11-12 12:05:38 #9 type] 
Type domain.ApustuAnitza is not enhanced.

[2023-11-12 12:05:38 #10 type] 
Type domain.Transaction is not enhanced.

[2023-11-12 12:05:38 #11 type] 
Type domain.Apustua is not enhanced.

------------------------------------------------------------------------------------------------------------------------

[2023-11-12 12:06:52 #1 store] 
Database 'C:\Users\leire\Documents\UNI\TERCERO-UNI\WORKSPACE\proyectoBets\null' is opened by 12036@leirePC

[2023-11-12 12:06:52 #2 type] 
Type domain.Sport is not enhanced.

[2023-11-12 12:06:52 #3 type] 
Type domain.Event is not enhanced.

[2023-11-12 12:06:52 #4 type] 
Type domain.Team is not enhanced.

[2023-11-12 12:06:52 #5 type] 
Type domain.Question is not enhanced.

[2023-11-12 12:06:52 #6 type] 
Type domain.Registered is not enhanced.

[2023-11-12 12:06:52 #7 type] 
Type domain.Quote is not enhanced.

[2023-11-12 12:06:52 #8 type] 
Type domain.Jarraitzailea is not enhanced.

[2023-11-12 12:06:52 #9 type] 
Type domain.ApustuAnitza is not enhanced.

[2023-11-12 12:06:52 #10 type] 
Type domain.Transaction is not enhanced.

[2023-11-12 12:06:52 #11 type] 
Type domain.Apustua is not enhanced.

------------------------------------------------------------------------------------------------------------------------

[2023-11-12 12:08:28 #1 store] 
Database 'C:\Users\leire\Documents\UNI\TERCERO-UNI\WORKSPACE\proyectoBets\null' is opened by 1140@leirePC

[2023-11-12 12:08:28 #2 type] 
Type domain.Sport is not enhanced.

[2023-11-12 12:08:28 #3 type] 
Type domain.Event is not enhanced.

[2023-11-12 12:08:28 #4 type] 
Type domain.Team is not enhanced.

[2023-11-12 12:08:28 #5 type] 
Type domain.Question is not enhanced.

[2023-11-12 12:08:28 #6 type] 
Type domain.Registered is not enhanced.

[2023-11-12 12:08:28 #7 type] 
Type domain.Quote is not enhanced.

[2023-11-12 12:08:28 #8 type] 
Type domain.Jarraitzailea is not enhanced.

[2023-11-12 12:08:28 #9 type] 
Type domain.ApustuAnitza is not enhanced.

[2023-11-12 12:08:28 #10 type] 
Type domain.Transaction is not enhanced.

[2023-11-12 12:08:28 #11 type] 
Type domain.Apustua is not enhanced.

------------------------------------------------------------------------------------------------------------------------

[2023-11-12 12:08:59 #1 store] 
Database 'C:\Users\leire\Documents\UNI\TERCERO-UNI\WORKSPACE\proyectoBets\null' is opened by 2220@leirePC

[2023-11-12 12:08:59 #2 type] 
Type domain.Sport is not enhanced.

[2023-11-12 12:08:59 #3 type] 
Type domain.Event is not enhanced.

[2023-11-12 12:08:59 #4 type] 
Type domain.Team is not enhanced.

[2023-11-12 12:08:59 #5 type] 
Type domain.Question is not enhanced.

[2023-11-12 12:08:59 #6 type] 
Type domain.Registered is not enhanced.

[2023-11-12 12:08:59 #7 type] 
Type domain.Quote is not enhanced.

[2023-11-12 12:08:59 #8 type] 
Type domain.Jarraitzailea is not enhanced.

[2023-11-12 12:08:59 #9 type] 
Type domain.ApustuAnitza is not enhanced.

[2023-11-12 12:08:59 #10 type] 
Type domain.Transaction is not enhanced.

[2023-11-12 12:08:59 #11 type] 
Type domain.Apustua is not enhanced.

------------------------------------------------------------------------------------------------------------------------

[2023-11-12 12:10:26 #1 store] 
Database 'C:\Users\leire\Documents\UNI\TERCERO-UNI\WORKSPACE\proyectoBets\null' is opened by 28688@leirePC

[2023-11-12 12:10:26 #2 type] 
Type domain.Sport is not enhanced.

[2023-11-12 12:10:26 #3 type] 
Type domain.Event is not enhanced.

[2023-11-12 12:10:26 #4 type] 
Type domain.Team is not enhanced.

[2023-11-12 12:10:26 #5 type] 
Type domain.Question is not enhanced.

[2023-11-12 12:10:26 #6 type] 
Type domain.Registered is not enhanced.

[2023-11-12 12:10:26 #7 type] 
Type domain.Quote is not enhanced.

[2023-11-12 12:10:26 #8 type] 
Type domain.Jarraitzailea is not enhanced.

[2023-11-12 12:10:26 #9 type] 
Type domain.ApustuAnitza is not enhanced.

[2023-11-12 12:10:26 #10 type] 
Type domain.Transaction is not enhanced.

[2023-11-12 12:10:26 #11 type] 
Type domain.Apustua is not enhanced.

------------------------------------------------------------------------------------------------------------------------

[2023-11-12 12:11:28 #1 store] 
Database 'C:\Users\leire\Documents\UNI\TERCERO-UNI\WORKSPACE\proyectoBets\null' is opened by 11364@leirePC

[2023-11-12 12:11:28 #2 type] 
Type domain.Sport is not enhanced.

[2023-11-12 12:11:28 #3 type] 
Type domain.Event is not enhanced.

[2023-11-12 12:11:28 #4 type] 
Type domain.Team is not enhanced.

[2023-11-12 12:11:28 #5 type] 
Type domain.Question is not enhanced.

[2023-11-12 12:11:28 #6 type] 
Type domain.Registered is not enhanced.

[2023-11-12 12:11:28 #7 type] 
Type domain.Quote is not enhanced.

[2023-11-12 12:11:28 #8 type] 
Type domain.Jarraitzailea is not enhanced.

[2023-11-12 12:11:28 #9 type] 
Type domain.ApustuAnitza is not enhanced.

[2023-11-12 12:11:28 #10 type] 
Type domain.Transaction is not enhanced.

[2023-11-12 12:11:28 #11 type] 
Type domain.Apustua is not enhanced.

------------------------------------------------------------------------------------------------------------------------

[2023-11-12 12:12:28 #1 store] 
Database 'C:\Users\leire\Documents\UNI\TERCERO-UNI\WORKSPACE\proyectoBets\null' is opened by 17508@leirePC

[2023-11-12 12:12:28 #2 type] 
Type domain.Sport is not enhanced.

[2023-11-12 12:12:28 #3 type] 
Type domain.Event is not enhanced.

[2023-11-12 12:12:28 #4 type] 
Type domain.Team is not enhanced.

[2023-11-12 12:12:28 #5 type] 
Type domain.Question is not enhanced.

[2023-11-12 12:12:28 #6 type] 
Type domain.Registered is not enhanced.

[2023-11-12 12:12:28 #7 type] 
Type domain.Quote is not enhanced.

[2023-11-12 12:12:28 #8 type] 
Type domain.Jarraitzailea is not enhanced.

[2023-11-12 12:12:28 #9 type] 
Type domain.ApustuAnitza is not enhanced.

[2023-11-12 12:12:28 #10 type] 
Type domain.Transaction is not enhanced.

[2023-11-12 12:12:28 #11 type] 
Type domain.Apustua is not enhanced.

------------------------------------------------------------------------------------------------------------------------

[2023-11-12 12:13:44 #1 store] 
Database 'C:\Users\leire\Documents\UNI\TERCERO-UNI\WORKSPACE\proyectoBets\null' is opened by 33536@leirePC

[2023-11-12 12:13:45 #2 type] 
Type domain.Sport is not enhanced.

[2023-11-12 12:13:45 #3 type] 
Type domain.Event is not enhanced.

[2023-11-12 12:13:45 #4 type] 
Type domain.Team is not enhanced.

[2023-11-12 12:13:45 #5 type] 
Type domain.Question is not enhanced.

[2023-11-12 12:13:45 #6 type] 
Type domain.Registered is not enhanced.

[2023-11-12 12:13:45 #7 type] 
Type domain.Quote is not enhanced.

[2023-11-12 12:13:45 #8 type] 
Type domain.Jarraitzailea is not enhanced.

[2023-11-12 12:13:45 #9 type] 
Type domain.ApustuAnitza is not enhanced.

[2023-11-12 12:13:45 #10 type] 
Type domain.Transaction is not enhanced.

[2023-11-12 12:13:45 #11 type] 
Type domain.Apustua is not enhanced.

------------------------------------------------------------------------------------------------------------------------

[2023-11-12 12:40:49 #1 store] 
Database 'C:\Users\leire\Documents\UNI\TERCERO-UNI\WORKSPACE\proyectoBets\null' is opened by 3676@leirePC

[2023-11-12 12:40:49 #2 type] 
Type domain.Sport is not enhanced.

[2023-11-12 12:40:49 #3 type] 
Type domain.Event is not enhanced.

[2023-11-12 12:40:49 #4 type] 
Type domain.Team is not enhanced.

[2023-11-12 12:40:49 #5 type] 
Type domain.Question is not enhanced.

[2023-11-12 12:40:49 #6 type] 
Type domain.Registered is not enhanced.

[2023-11-12 12:40:49 #7 type] 
Type domain.Quote is not enhanced.

[2023-11-12 12:40:49 #8 type] 
Type domain.Jarraitzailea is not enhanced.

[2023-11-12 12:40:49 #9 type] 
Type domain.ApustuAnitza is not enhanced.

[2023-11-12 12:40:49 #10 type] 
Type domain.Transaction is not enhanced.

[2023-11-12 12:40:49 #11 type] 
Type domain.Apustua is not enhanced.

------------------------------------------------------------------------------------------------------------------------

[2023-11-12 13:35:35 #1 store] 
Database 'C:\Users\leire\Documents\UNI\TERCERO-UNI\WORKSPACE\proyectoBets\null' is opened by 38720@leirePC

[2023-11-12 13:35:35 #2 type] 
Type domain.Sport is not enhanced.

[2023-11-12 13:35:35 #3 type] 
Type domain.Event is not enhanced.

[2023-11-12 13:35:35 #4 type] 
Type domain.Team is not enhanced.

[2023-11-12 13:35:35 #5 type] 
Type domain.Question is not enhanced.

[2023-11-12 13:35:35 #6 type] 
Type domain.Registered is not enhanced.

[2023-11-12 13:35:35 #7 type] 
Type domain.Quote is not enhanced.

[2023-11-12 13:35:35 #8 type] 
Type domain.Jarraitzailea is not enhanced.

[2023-11-12 13:35:35 #9 type] 
Type domain.ApustuAnitza is not enhanced.

[2023-11-12 13:35:35 #10 type] 
Type domain.Transaction is not enhanced.

[2023-11-12 13:35:35 #11 type] 
Type domain.Apustua is not enhanced.

